<?xml version="1.0" encoding="UTF-8"?>
<testsuites>
    <testsuite name="all" errors="1" failures="0" tests="1">
        <testcase classname="all" name="main" assertions="1">
            <error type="timeout" message="Test timed out, possibly due to a missing QUnit.start() call."></error>
        </testcase>
    </testsuite>
</testsuites>
